10:37:31.579 INFO  user found {"verification_status":true,"prefer_language":"English","_id":"5c8643e09faa0b00e0623209","username":"virat@gmail.com","password":"111111","otp":"0447","loc":[14.4819,77.4006],"register_time":"15123652","register_type":"Manual","__v":0} accepted at 2019-03-21T05:07:31.564Z 
10:37:31.698 INFO  device insertion statuspinfo is not defined
{}
ReferenceError: pinfo is not defined
    at pet.aggregate.exec.then (E:\VEDAS\Spec\Spectrum\Spectrocare_Version_3\models\Login.js:601:125)
    at tryCatcher (E:\VEDAS\Spec\Spectrum\Spectrocare_Version_3\node_modules\bluebird\js\release\util.js:16:23)
    at Promise._settlePromiseFromHandler (E:\VEDAS\Spec\Spectrum\Spectrocare_Version_3\node_modules\bluebird\js\release\promise.js:512:31)
    at Promise._settlePromise (E:\VEDAS\Spec\Spectrum\Spectrocare_Version_3\node_modules\bluebird\js\release\promise.js:569:18)
    at Promise._settlePromise0 (E:\VEDAS\Spec\Spectrum\Spectrocare_Version_3\node_modules\bluebird\js\release\promise.js:614:10)
    at Promise._settlePromises (E:\VEDAS\Spec\Spectrum\Spectrocare_Version_3\node_modules\bluebird\js\release\promise.js:693:18)
    at Async._drainQueue (E:\VEDAS\Spec\Spectrum\Spectrocare_Version_3\node_modules\bluebird\js\release\async.js:133:16)
    at Async._drainQueues (E:\VEDAS\Spec\Spectrum\Spectrocare_Version_3\node_modules\bluebird\js\release\async.js:143:10)
    at Immediate.Async.drainQueues (E:\VEDAS\Spec\Spectrum\Spectrocare_Version_3\node_modules\bluebird\js\release\async.js:17:14)
    at runCallback (timers.js:810:20)
    at tryOnImmediate (timers.js:768:5)
    at processImmediate [as _immediateCallback] (timers.js:745:5) accepted at 2019-03-21T05:07:31.698Z 
10:38:15.299 INFO  user found {"verification_status":true,"prefer_language":"English","_id":"5c8643e09faa0b00e0623209","username":"virat@gmail.com","password":"111111","otp":"0447","loc":[14.4819,77.4006],"register_time":"15123652","register_type":"Linked","__v":0} accepted at 2019-03-21T05:08:15.299Z 
10:38:15.309 INFO  device insertion statuspinfo is not defined
{}
ReferenceError: pinfo is not defined
    at pet.aggregate.exec.then (E:\VEDAS\Spec\Spectrum\Spectrocare_Version_3\models\Login.js:601:125)
    at tryCatcher (E:\VEDAS\Spec\Spectrum\Spectrocare_Version_3\node_modules\bluebird\js\release\util.js:16:23)
    at Promise._settlePromiseFromHandler (E:\VEDAS\Spec\Spectrum\Spectrocare_Version_3\node_modules\bluebird\js\release\promise.js:512:31)
    at Promise._settlePromise (E:\VEDAS\Spec\Spectrum\Spectrocare_Version_3\node_modules\bluebird\js\release\promise.js:569:18)
    at Promise._settlePromise0 (E:\VEDAS\Spec\Spectrum\Spectrocare_Version_3\node_modules\bluebird\js\release\promise.js:614:10)
    at Promise._settlePromises (E:\VEDAS\Spec\Spectrum\Spectrocare_Version_3\node_modules\bluebird\js\release\promise.js:693:18)
    at Async._drainQueue (E:\VEDAS\Spec\Spectrum\Spectrocare_Version_3\node_modules\bluebird\js\release\async.js:133:16)
    at Async._drainQueues (E:\VEDAS\Spec\Spectrum\Spectrocare_Version_3\node_modules\bluebird\js\release\async.js:143:10)
    at Immediate.Async.drainQueues (E:\VEDAS\Spec\Spectrum\Spectrocare_Version_3\node_modules\bluebird\js\release\async.js:17:14)
    at runCallback (timers.js:810:20)
    at tryOnImmediate (timers.js:768:5)
    at processImmediate [as _immediateCallback] (timers.js:745:5) accepted at 2019-03-21T05:08:15.309Z 
11:23:51.084 INFO  user found {"verification_status":true,"prefer_language":"English","_id":"5c8643e09faa0b00e0623209","username":"virat@gmail.com","password":"111111","otp":"0447","loc":[14.4819,77.4006],"register_time":"15123652","register_type":"Linked","__v":0} accepted at 2019-03-21T05:53:51.083Z 
11:23:51.117 INFO  device insertion statuspinfo is not defined
{}
ReferenceError: pinfo is not defined
    at pet.aggregate.exec.then (E:\VEDAS\Spec\Spectrum\Spectrocare_Version_3\models\Login.js:601:125)
    at tryCatcher (E:\VEDAS\Spec\Spectrum\Spectrocare_Version_3\node_modules\bluebird\js\release\util.js:16:23)
    at Promise._settlePromiseFromHandler (E:\VEDAS\Spec\Spectrum\Spectrocare_Version_3\node_modules\bluebird\js\release\promise.js:512:31)
    at Promise._settlePromise (E:\VEDAS\Spec\Spectrum\Spectrocare_Version_3\node_modules\bluebird\js\release\promise.js:569:18)
    at Promise._settlePromise0 (E:\VEDAS\Spec\Spectrum\Spectrocare_Version_3\node_modules\bluebird\js\release\promise.js:614:10)
    at Promise._settlePromises (E:\VEDAS\Spec\Spectrum\Spectrocare_Version_3\node_modules\bluebird\js\release\promise.js:693:18)
    at Async._drainQueue (E:\VEDAS\Spec\Spectrum\Spectrocare_Version_3\node_modules\bluebird\js\release\async.js:133:16)
    at Async._drainQueues (E:\VEDAS\Spec\Spectrum\Spectrocare_Version_3\node_modules\bluebird\js\release\async.js:143:10)
    at Immediate.Async.drainQueues (E:\VEDAS\Spec\Spectrum\Spectrocare_Version_3\node_modules\bluebird\js\release\async.js:17:14)
    at runCallback (timers.js:810:20)
    at tryOnImmediate (timers.js:768:5)
    at processImmediate [as _immediateCallback] (timers.js:745:5) accepted at 2019-03-21T05:53:51.117Z 
11:24:45.757 INFO  user found {"verification_status":true,"prefer_language":"English","_id":"5c863f339faa0b00e0623203","username":"vinodkumar.ksv@gmail.com","password":"111111","otp":"9789","loc":[14.7819,77.7006],"register_time":"15123652","register_type":"Linked","__v":0} accepted at 2019-03-21T05:54:45.757Z 
11:24:45.817 INFO  device insertion statuspinfo is not defined
{}
ReferenceError: pinfo is not defined
    at pet.aggregate.exec.then (E:\VEDAS\Spec\Spectrum\Spectrocare_Version_3\models\Login.js:601:125)
    at tryCatcher (E:\VEDAS\Spec\Spectrum\Spectrocare_Version_3\node_modules\bluebird\js\release\util.js:16:23)
    at Promise._settlePromiseFromHandler (E:\VEDAS\Spec\Spectrum\Spectrocare_Version_3\node_modules\bluebird\js\release\promise.js:512:31)
    at Promise._settlePromise (E:\VEDAS\Spec\Spectrum\Spectrocare_Version_3\node_modules\bluebird\js\release\promise.js:569:18)
    at Promise._settlePromise0 (E:\VEDAS\Spec\Spectrum\Spectrocare_Version_3\node_modules\bluebird\js\release\promise.js:614:10)
    at Promise._settlePromises (E:\VEDAS\Spec\Spectrum\Spectrocare_Version_3\node_modules\bluebird\js\release\promise.js:693:18)
    at Async._drainQueue (E:\VEDAS\Spec\Spectrum\Spectrocare_Version_3\node_modules\bluebird\js\release\async.js:133:16)
    at Async._drainQueues (E:\VEDAS\Spec\Spectrum\Spectrocare_Version_3\node_modules\bluebird\js\release\async.js:143:10)
    at Immediate.Async.drainQueues (E:\VEDAS\Spec\Spectrum\Spectrocare_Version_3\node_modules\bluebird\js\release\async.js:17:14)
    at runCallback (timers.js:810:20)
    at tryOnImmediate (timers.js:768:5)
    at processImmediate [as _immediateCallback] (timers.js:745:5) accepted at 2019-03-21T05:54:45.817Z 
11:37:52.093 INFO  user found {"verification_status":true,"prefer_language":"English","_id":"5c863f339faa0b00e0623203","username":"vinodkumar.ksv@gmail.com","password":"111111","otp":"9789","loc":[14.7819,77.7006],"register_time":"15123652","register_type":"Linked","__v":0} accepted at 2019-03-21T06:07:52.093Z 
11:38:05.156 INFO  user found {"verification_status":true,"prefer_language":"English","_id":"5c8643e09faa0b00e0623209","username":"virat@gmail.com","password":"111111","otp":"0447","loc":[14.4819,77.4006],"register_time":"15123652","register_type":"Linked","__v":0} accepted at 2019-03-21T06:08:05.156Z 
11:58:54.161 INFO  user found {"verification_status":true,"prefer_language":"English","_id":"5c8643e09faa0b00e0623209","username":"virat@gmail.com","password":"111111","otp":"0447","loc":[14.4819,77.4006],"register_time":"15123652","register_type":"Linked","__v":0} accepted at 2019-03-21T06:28:54.160Z 
11:59:09.707 INFO  user found {"verification_status":true,"prefer_language":"English","_id":"5c863f339faa0b00e0623203","username":"vinodkumar.ksv@gmail.com","password":"111111","otp":"9789","loc":[14.7819,77.7006],"register_time":"15123652","register_type":"Linked","__v":0} accepted at 2019-03-21T06:29:09.707Z 
11:59:25.331 INFO  user found {"verification_status":true,"prefer_language":"English","_id":"5c8643e09faa0b00e0623209","username":"virat@gmail.com","password":"111111","otp":"0447","loc":[14.4819,77.4006],"register_time":"15123652","register_type":"Linked","__v":0} accepted at 2019-03-21T06:29:25.331Z 
11:59:29.835 INFO  user found  accepted at 2019-03-21T06:29:29.835Z 
11:59:37.186 INFO  user found {"verification_status":true,"prefer_language":"English","_id":"5c8643e09faa0b00e0623209","username":"virat@gmail.com","password":"111111","otp":"0447","loc":[14.4819,77.4006],"register_time":"15123652","register_type":"Linked","__v":0} accepted at 2019-03-21T06:29:37.186Z 
